{
  "RSpec": {
    "coverage": {
      "/Users/a12431/Develop/events/config/environment.rb": [
        null,
        1,
        null,
        null,
        1
      ],
      "/Users/a12431/Develop/events/config/application.rb": [
        1,
        null,
        null,
        1,
        1,
        1,
        1,
        1,
        1,
        null,
        null,
        null,
        null,
        1,
        null,
        1,
        1,
        null,
        null,
        null,
        null,
        null,
        null,
        1,
        null,
        null,
        null,
        1,
        null,
        null
      ],
      "/Users/a12431/Develop/events/config/boot.rb": [
        null,
        1,
        null,
        1
      ],
      "/Users/a12431/Develop/events/config/environments/test.rb": [
        1,
        null,
        null,
        null,
        null,
        null,
        null,
        1,
        null,
        null,
        null,
        null,
        1,
        null,
        null,
        1,
        1,
        null,
        null,
        1,
        1,
        null,
        null,
        1,
        null,
        null,
        1,
        null,
        null,
        null,
        null,
        1,
        null,
        null,
        1,
        null,
        null,
        null,
        null
      ],
      "/Users/a12431/Develop/events/config/initializers/backtrace_silencers.rb": [
        null,
        null,
        null,
        null,
        null,
        null,
        null
      ],
      "/Users/a12431/Develop/events/config/initializers/cookies_serializer.rb": [
        null,
        null,
        1
      ],
      "/Users/a12431/Develop/events/config/initializers/filter_parameter_logging.rb": [
        null,
        null,
        null,
        1
      ],
      "/Users/a12431/Develop/events/config/initializers/inflections.rb": [
        null,
        null,
        null,
        null,
        null,
        null,
        null,
        null,
        null,
        null,
        null,
        null,
        null,
        null,
        null,
        null
      ],
      "/Users/a12431/Develop/events/config/initializers/mime_types.rb": [
        null,
        null,
        null,
        null
      ],
      "/Users/a12431/Develop/events/config/initializers/omniauth.rb": [
        1,
        1,
        null,
        null,
        null
      ],
      "/Users/a12431/Develop/events/config/initializers/session_store.rb": [
        null,
        null,
        1
      ],
      "/Users/a12431/Develop/events/config/initializers/wrap_parameters.rb": [
        null,
        null,
        null,
        null,
        null,
        null,
        1,
        1,
        null,
        null,
        null,
        null,
        null,
        null
      ],
      "/Users/a12431/Develop/events/spec/factories/events.rb": [
        null,
        null,
        1,
        1,
        1,
        4,
        4,
        4,
        4,
        4,
        null,
        null
      ],
      "/Users/a12431/Develop/events/spec/factories/users.rb": [
        null,
        null,
        1,
        1,
        1,
        6,
        6,
        6,
        null,
        null
      ],
      "/Users/a12431/Develop/events/config/routes.rb": [
        1,
        1,
        1,
        1,
        null,
        1,
        1,
        null,
        null,
        1,
        1,
        null,
        null,
        null,
        1,
        null
      ],
      "/Users/a12431/Develop/events/app/helpers/application_helper.rb": [
        1,
        1,
        0,
        null,
        null
      ],
      "/Users/a12431/Develop/events/app/helpers/events_helper.rb": [
        1,
        null
      ],
      "/Users/a12431/Develop/events/app/helpers/sessions_helper.rb": [
        1,
        null
      ],
      "/Users/a12431/Develop/events/app/helpers/tickets_helper.rb": [
        1,
        null
      ],
      "/Users/a12431/Develop/events/app/helpers/users_helper.rb": [
        1,
        null
      ],
      "/Users/a12431/Develop/events/app/helpers/welcome_helper.rb": [
        1,
        null
      ],
      "/Users/a12431/Develop/events/spec/controllers/events_controller_spec.rb": [
        1,
        null,
        1,
        null,
        1,
        1,
        2,
        null,
        1,
        1,
        null,
        null,
        null,
        1,
        1,
        3,
        3,
        3,
        null,
        null,
        1,
        1,
        null,
        null,
        1,
        1,
        null,
        null,
        1,
        1,
        null,
        null,
        null,
        null,
        null
      ],
      "/Users/a12431/Develop/events/spec/rails_helper.rb": [
        null,
        1,
        1,
        1,
        1,
        null,
        null,
        null,
        null,
        null,
        null,
        null,
        null,
        1,
        null,
        null,
        null,
        1,
        null,
        1,
        null,
        1,
        null,
        null,
        null,
        null,
        1,
        null,
        null,
        null,
        null,
        null,
        null,
        null,
        null,
        null,
        null,
        null,
        null,
        null,
        null,
        1,
        null
      ],
      "/Users/a12431/Develop/events/app/controllers/events_controller.rb": [
        null,
        1,
        1,
        null,
        1,
        0,
        0,
        0,
        null,
        null,
        1,
        3,
        3,
        null,
        null,
        1,
        0,
        0,
        0,
        null,
        0,
        null,
        null,
        null,
        1,
        0,
        null,
        null,
        1,
        0,
        0,
        0,
        null,
        0,
        null,
        null,
        null,
        1,
        0,
        0,
        0,
        null,
        null,
        1,
        1,
        0,
        null,
        null
      ],
      "/Users/a12431/Develop/events/app/controllers/application_controller.rb": [
        1,
        null,
        null,
        1,
        null,
        1,
        null,
        null,
        1,
        null,
        1,
        0,
        null,
        null,
        1,
        null,
        0,
        0,
        null,
        null,
        1,
        1,
        8,
        null,
        null,
        1,
        6,
        null,
        null,
        null,
        null,
        null,
        null,
        6,
        null,
        null,
        1,
        4,
        1,
        null,
        null
      ],
      "/Users/a12431/Develop/events/spec/features/create_ticket_spec.rb": [
        1,
        null,
        1,
        1,
        null,
        1,
        1,
        0,
        0,
        0,
        0,
        null,
        null,
        null,
        null,
        null,
        null,
        null,
        null,
        null,
        null,
        null,
        null,
        null,
        null,
        null,
        null,
        null,
        null,
        null
      ],
      "/Users/a12431/Develop/events/spec/features/login_spec.rb": [
        1,
        null,
        1,
        1,
        1,
        1,
        2,
        2,
        null,
        null,
        1,
        1,
        null,
        null,
        1,
        1,
        null,
        null,
        null,
        null
      ],
      "/Users/a12431/Develop/events/spec/models/event_spec.rb": [
        1,
        null,
        1,
        1,
        2,
        2,
        null,
        null,
        1,
        3,
        3,
        null,
        1,
        2,
        2,
        null,
        null,
        1,
        2,
        2,
        null,
        null,
        null
      ],
      "/Users/a12431/Develop/events/app/models/event.rb": [
        1,
        1,
        null,
        1,
        1,
        null,
        1,
        1,
        1,
        1,
        1,
        null,
        1,
        null,
        null,
        1,
        3,
        1,
        null,
        null,
        null,
        1,
        52,
        null,
        null,
        1,
        0,
        null,
        null,
        1,
        1,
        10,
        null,
        3,
        0,
        null,
        null,
        null
      ],
      "/Users/a12431/Develop/events/app/uploaders/event_image_uploader.rb": [
        null,
        null,
        1,
        1,
        null,
        1,
        null,
        1,
        null,
        1,
        0,
        null,
        null,
        1,
        0,
        null,
        null
      ],
      "/Users/a12431/Develop/events/spec/models/user_spec.rb": [
        1,
        null,
        1,
        null
      ],
      "/Users/a12431/Develop/events/app/models/user.rb": [
        1,
        1,
        null,
        1,
        1,
        1,
        null,
        1,
        2,
        2,
        2,
        2,
        null,
        2,
        2,
        2,
        null,
        null,
        null,
        1,
        1,
        0,
        0,
        0,
        null,
        null,
        0,
        0,
        null,
        0,
        null,
        null
      ],
      "/Users/a12431/Develop/events/spec/views/events/show.html.erb_spec.rb": [
        1,
        null,
        1,
        1,
        1,
        2,
        2,
        null,
        null,
        1,
        1,
        1,
        1,
        null,
        null,
        1,
        1,
        1,
        null,
        null,
        null,
        null
      ],
      "/Users/a12431/Develop/events/app/controllers/welcome_controller.rb": [
        1,
        1,
        null,
        1,
        4,
        4,
        null,
        null,
        1,
        1,
        4,
        null,
        4,
        null,
        null
      ],
      "/Users/a12431/Develop/events/app/controllers/sessions_controller.rb": [
        1,
        1,
        2,
        2,
        2,
        2,
        null,
        null,
        1,
        0,
        0,
        null,
        null
      ]
    },
    "timestamp": 1403863191
  }
}
